<?xml version="1.0" encoding="UTF-8"?>
<!-- Generated by org.testng.reporters.JUnitReportReporter -->
<testsuite hostname="Shalinis-MacBook-Pro.local" failures="0" tests="1" name="tests.GetAndPostExamples" time="3.047" errors="0" timestamp="2023-02-07T22:57:07 EST" skipped="0">
  <testcase classname="tests.GetAndPostExamples" name="testPost" time="3.047"/>
  <system-out/>
</testsuite> <!-- tests.GetAndPostExamples -->
