<?xml version="1.0" encoding="UTF-8"?>
<!-- Generated by org.testng.reporters.JUnitReportReporter -->
<testsuite hostname="Shalinis-MacBook-Pro.local" failures="0" tests="1" name="tests.SoapXMLRequest" time="2.558" errors="0" timestamp="2023-02-09T22:25:52 EST" skipped="0">
  <testcase classname="tests.SoapXMLRequest" name="validateSoapXML" time="2.558"/>
  <system-out/>
</testsuite> <!-- tests.SoapXMLRequest -->
