<?xml version="1.0" encoding="UTF-8"?>
<!-- Generated by org.testng.reporters.JUnitReportReporter -->
<testsuite hostname="Shalinis-MacBook-Pro.local" failures="0" tests="1" name="tests.JSONSchemaValidator" time="3.799" errors="0" timestamp="2023-02-09T21:04:55 EST" skipped="0">
  <testcase classname="tests.JSONSchemaValidator" name="testGet" time="3.799"/>
  <system-out/>
</testsuite> <!-- tests.JSONSchemaValidator -->
