<?xml version="1.0" encoding="UTF-8"?>
<!-- Generated by org.testng.reporters.JUnitReportReporter -->
<testsuite hostname="Shalinis-MacBook-Pro.local" failures="0" tests="1" name="tests.TestsExamples" time="2.414" errors="0" timestamp="2023-02-06T23:18:36 EST" skipped="0">
  <testcase classname="tests.TestsExamples" name="test_1" time="2.414"/>
  <system-out/>
</testsuite> <!-- tests.TestsExamples -->
