<?xml version="1.0" encoding="UTF-8"?>
<!-- Generated by org.testng.reporters.JUnitReportReporter -->
<testsuite hostname="Shalinis-MacBook-Pro.local" failures="0" tests="1" name="tests.TestOnLocalAPI" time="2.005" errors="0" timestamp="2023-02-09T20:42:09 EST" skipped="0">
  <testcase classname="tests.TestOnLocalAPI" name="delete" time="2.005"/>
  <system-out/>
</testsuite> <!-- tests.TestOnLocalAPI -->
