<?xml version="1.0" encoding="UTF-8"?>
<!-- Generated by org.testng.reporters.JUnitReportReporter -->
<testsuite hostname="Shalinis-MacBook-Pro.local" failures="0" tests="3" name="tests.PutPatchDeleteExamples" time="3.798" errors="0" timestamp="2023-02-07T23:07:17 EST" skipped="0">
  <testcase classname="tests.PutPatchDeleteExamples" name="testPost" time="0.338"/>
  <system-out/>
  <testcase classname="tests.PutPatchDeleteExamples" name="testPatch" time="0.507"/>
  <system-out/>
  <testcase classname="tests.PutPatchDeleteExamples" name="testDelete" time="2.953"/>
  <system-out/>
</testsuite> <!-- tests.PutPatchDeleteExamples -->
