<?xml version="1.0" encoding="UTF-8"?>
<!-- Generated by org.testng.reporters.JUnitReportReporter -->
<testsuite hostname="Shalinis-MacBook-Pro.local" failures="0" tests="1" name="tests.XMLSchemaValidation" time="2.513" errors="0" timestamp="2023-02-09T23:01:35 EST" skipped="0">
  <testcase classname="tests.XMLSchemaValidation" name="schemaValidation" time="2.513"/>
  <system-out/>
</testsuite> <!-- tests.XMLSchemaValidation -->
